<?xml version="1.0" encoding="UTF-8"?>
<testsuites>
  <testsuite name="fastlane.lanes">
    
    
    
      
      <testcase classname="fastlane.lanes" name="0: default_platform" time="0.001663">
        
      </testcase>
    
      
      <testcase classname="fastlane.lanes" name="1: create_xcframework" time="29.684532">
        
          <failure message="/Library/Ruby/Gems/2.6.0/gems/fastlane-2.197.0/fastlane/lib/fastlane/actions/actions_helper.rb:67:in `execute_action'&#10;/Library/Ruby/Gems/2.6.0/gems/fastlane-2.197.0/fastlane/lib/fastlane/runner.rb:255:in `block in execute_action'&#10;/Library/Ruby/Gems/2.6.0/gems/fastlane-2.197.0/fastlane/lib/fastlane/runner.rb:229:in `chdir'&#10;/Library/Ruby/Gems/2.6.0/gems/fastlane-2.197.0/fastlane/lib/fastlane/runner.rb:229:in `execute_action'&#10;/Library/Ruby/Gems/2.6.0/gems/fastlane-2.197.0/fastlane/lib/fastlane/runner.rb:157:in `trigger_action_by_name'&#10;/Library/Ruby/Gems/2.6.0/gems/fastlane-2.197.0/fastlane/lib/fastlane/fast_file.rb:159:in `method_missing'&#10;ReleaseFramework.rb:42:in `build_xcframework'&#10;ReleaseFramework.rb:57:in `archive_framework_for_cocoapods'&#10;ReleaseFramework.rb:6:in `public_release'&#10;Fastfile:22:in `block (2 levels) in parsing_binding'&#10;/Library/Ruby/Gems/2.6.0/gems/fastlane-2.197.0/fastlane/lib/fastlane/lane.rb:33:in `call'&#10;/Library/Ruby/Gems/2.6.0/gems/fastlane-2.197.0/fastlane/lib/fastlane/runner.rb:49:in `block in execute'&#10;/Library/Ruby/Gems/2.6.0/gems/fastlane-2.197.0/fastlane/lib/fastlane/runner.rb:45:in `chdir'&#10;/Library/Ruby/Gems/2.6.0/gems/fastlane-2.197.0/fastlane/lib/fastlane/runner.rb:45:in `execute'&#10;/Library/Ruby/Gems/2.6.0/gems/fastlane-2.197.0/fastlane/lib/fastlane/lane_manager.rb:47:in `cruise_lane'&#10;/Library/Ruby/Gems/2.6.0/gems/fastlane-2.197.0/fastlane/lib/fastlane/command_line_handler.rb:36:in `handle'&#10;/Library/Ruby/Gems/2.6.0/gems/fastlane-2.197.0/fastlane/lib/fastlane/commands_generator.rb:109:in `block (2 levels) in run'&#10;/Library/Ruby/Gems/2.6.0/gems/commander-4.6.0/lib/commander/command.rb:187:in `call'&#10;/Library/Ruby/Gems/2.6.0/gems/commander-4.6.0/lib/commander/command.rb:157:in `run'&#10;/Library/Ruby/Gems/2.6.0/gems/commander-4.6.0/lib/commander/runner.rb:444:in `run_active_command'&#10;/Library/Ruby/Gems/2.6.0/gems/fastlane-2.197.0/fastlane_core/lib/fastlane_core/ui/fastlane_runner.rb:117:in `run!'&#10;/Library/Ruby/Gems/2.6.0/gems/commander-4.6.0/lib/commander/delegates.rb:18:in `run!'&#10;/Library/Ruby/Gems/2.6.0/gems/fastlane-2.197.0/fastlane/lib/fastlane/commands_generator.rb:353:in `run'&#10;/Library/Ruby/Gems/2.6.0/gems/fastlane-2.197.0/fastlane/lib/fastlane/commands_generator.rb:42:in `start'&#10;/Library/Ruby/Gems/2.6.0/gems/fastlane-2.197.0/fastlane/lib/fastlane/cli_tools_distributor.rb:122:in `take_off'&#10;/Library/Ruby/Gems/2.6.0/gems/fastlane-2.197.0/bin/fastlane:23:in `&lt;top (required)&gt;'&#10;/usr/local/bin/fastlane:23:in `load'&#10;/usr/local/bin/fastlane:23:in `&lt;main&gt;'&#10;&#10;Exit status of command 'set -o pipefail &amp;&amp; xcodebuild -workspace &quot;ScanditScanPlugin.xcworkspace&quot; -scheme &quot;ScanditScanPlugin&quot; SKIP_INSTALL=NO BUILD_LIBRARY_FOR_DISTRIBUTION=YES OTHER_CFLAGS=&quot;-fembed-bitcode&quot; BITCODE_GENERATION_MODE=&quot;bitcode&quot; ENABLE_BITCODE=YES -destination &quot;generic/platform=iOS Simulator&quot; -archivePath &quot;Build/XCFrameworks/archives/1_ScanditScanPlugin.xcarchive&quot; archive | tee '/Users/ivanyanakiev/Library/Logs/fastlane/xcbuild/2022-04-29/86615/xcodebuild.log' | xcpretty --color --simple' was 65 instead of 0.&#10;Ignoring ffi-1.12.2 because its extensions are not built. Try: gem pristine ffi --version 1.12.2&#10;Ignoring json-2.2.0 because its extensions are not built. Try: gem pristine json --version 2.2.0&#10;Ignoring unf_ext-0.0.7.7 because its extensions are not built. Try: gem pristine unf_ext --version 0.0.7.7&#10;Ignoring unf_ext-0.0.7.6 because its extensions are not built. Try: gem pristine unf_ext --version 0.0.7.6&#10;[33m▸[0m [39;1mProcessing[0m Info.plist&#10;[33m▸[0m [39;1mRunning script[0m '[CP] Check Pods Manifest.lock'&#10;[33m▸[0m [39;1mCopying[0m ScanditScanPlugin.h&#10;[33m▸[0m [39;1mCopying[0m SNCScanditScanPlugin.h&#10;[33m▸[0m [39;1mCompiling[0m SNCScanditScanPlugin.m&#10;&#10;[31m❌  [0m/Users/ivanyanakiev/Projects/sonect-scandit-scan-plugin/ScanditScanPlugin/SNCScanditScanPlugin.m:11:9: [31m'SonectCore/SNCScanCodePlugin.h' file not found[0m&#10;&#10;#import &lt;SonectCore/SNCScanCodePlugin.h&gt;&#10;[36m        ^~~~~~~~~~~~~~~~~~~~~~~~~~~~~~~~[0m&#10;&#10;&#10;[33m▸[0m [39;1mCompiling[0m SNCScanditScanPlugin.m&#10;&#10;[31m❌  [0m/Users/ivanyanakiev/Projects/sonect-scandit-scan-plugin/ScanditScanPlugin/SNCScanditScanPlugin.m:11:9: [31m'SonectCore/SNCScanCodePlugin.h' file not found[0m&#10;&#10;#import &lt;SonectCore/SNCScanCodePlugin.h&gt;&#10;[36m        ^~~~~~~~~~~~~~~~~~~~~~~~~~~~~~~~[0m&#10;&#10;&#10;[33m▸[0m [39;1mCompiling[0m SNCScanditScanPlugin.m&#10;&#10;[31m❌  [0m/Users/ivanyanakiev/Projects/sonect-scandit-scan-plugin/ScanditScanPlugin/SNCScanditScanPlugin.m:11:9: [31m'SonectCore/SNCScanCodePlugin.h' file not found[0m&#10;&#10;#import &lt;SonectCore/SNCScanCodePlugin.h&gt;&#10;[36m        ^~~~~~~~~~~~~~~~~~~~~~~~~~~~~~~~[0m&#10;&#10;&#10;[33m▸[0m [39;1mCompiling[0m ScanditScanPlugin_vers.c&#10;[33m▸[0m [39;1mCompiling[0m ScanditScanPlugin_vers.c&#10;[33m▸[0m [39;1mCompiling[0m ScanditScanPlugin_vers.c&#10;** ARCHIVE FAILED **&#10;&#10;&#10;The following build commands failed:&#10;	CompileC /Users/ivanyanakiev/Library/Developer/Xcode/DerivedData/ScanditScanPlugin-gxywyvfrpmgpsxagejybvfkuyndy/Build/Intermediates.noindex/ArchiveIntermediates/ScanditScanPlugin/IntermediateBuildFilesPath/ScanditScanPlugin.build/Release-iphonesimulator/ScanditScanPlugin.build/Objects-normal/arm64/SNCScanditScanPlugin.o /Users/ivanyanakiev/Projects/sonect-scandit-scan-plugin/ScanditScanPlugin/SNCScanditScanPlugin.m normal arm64 objective-c com.apple.compilers.llvm.clang.1_0.compiler (in target 'ScanditScanPlugin' from project 'ScanditScanPlugin')&#10;(1 failure)&#10;" />
        
      </testcase>
    
  </testsuite>
</testsuites>
